<?xml version="1.0" encoding="UTF-8"?>
<testsuite xmlns:xsi="http://www.w3.org/2001/XMLSchema-instance" xsi:noNamespaceSchemaLocation="https://maven.apache.org/surefire/maven-surefire-plugin/xsd/surefire-test-report-3.0.xsd" version="3.0" name="com.sistema.ventas.VentasApplicationTests" time="4.653" tests="1" errors="0" skipped="0" failures="0">
  <properties>
[...]
</properties>
  <testcase name="contextLoads" classname="com.sistema.ventas.VentasApplicationTests" time="0.406">
    <system-out><![CDATA[13:31:00.576 [main] INFO org.springframework.test.context.support.AnnotationConfigContextLoaderUtils -- Could not detect default configuration classes for test class [com.sistema.ventas.VentasApplicationTests]: VentasApplicationTests does not declare any static, non-private, non-final, nested classes annotated with @Configuration.
13:31:00.656 [main] INFO org.springframework.boot.test.context.SpringBootTestContextBootstrapper -- Found @SpringBootConfiguration com.sistema.ventas.VentasApplication for test class com.sistema.ventas.VentasApplicationTests

  .   ____          _            __ _ _
 /\\ / ___'_ __ _ _(_)_ __  __ _ \ \ \ \
( ( )\___ | '_ | '_| | '_ \/ _` | \ \ \ \
 \\/  ___)| |_)| | | | | || (_| |  ) ) ) )
  '  |____| .__|_| |_|_| |_\__, | / / / /
 =========|_|==============|___/=/_/_/_/
 :: Spring Boot ::                (v3.1.0)

2023-06-30T13:31:00.992-03:00  INFO 94895 --- [           main] c.sistema.ventas.VentasApplicationTests  : Starting VentasApplicationTests using Java 17.0.7 with PID 94895 (started by leandrot in /home/leandrot/IdeaProjects/ClienteServidor/sistema-ventas)
2023-06-30T13:31:00.993-03:00  INFO 94895 --- [           main] c.sistema.ventas.VentasApplicationTests  : No active profile set, falling back to 1 default profile: "default"
2023-06-30T13:31:01.579-03:00  INFO 94895 --- [           main] .s.d.r.c.RepositoryConfigurationDelegate : Bootstrapping Spring Data JPA repositories in DEFAULT mode.
2023-06-30T13:31:01.654-03:00  INFO 94895 --- [           main] .s.d.r.c.RepositoryConfigurationDelegate : Finished Spring Data repository scanning in 66 ms. Found 6 JPA repository interfaces.
2023-06-30T13:31:02.098-03:00  INFO 94895 --- [           main] o.hibernate.jpa.internal.util.LogHelper  : HHH000204: Processing PersistenceUnitInfo [name: default]
2023-06-30T13:31:02.134-03:00  INFO 94895 --- [           main] org.hibernate.Version                    : HHH000412: Hibernate ORM core version 6.2.2.Final
2023-06-30T13:31:02.136-03:00  INFO 94895 --- [           main] org.hibernate.cfg.Environment            : HHH000406: Using bytecode reflection optimizer
2023-06-30T13:31:02.234-03:00  INFO 94895 --- [           main] o.h.b.i.BytecodeProviderInitiator        : HHH000021: Bytecode provider name : bytebuddy
2023-06-30T13:31:02.326-03:00  INFO 94895 --- [           main] o.s.o.j.p.SpringPersistenceUnitInfo      : No LoadTimeWeaver setup: ignoring JPA class transformer
2023-06-30T13:31:02.348-03:00  INFO 94895 --- [           main] com.zaxxer.hikari.HikariDataSource       : HikariPool-1 - Starting...
2023-06-30T13:31:02.617-03:00  INFO 94895 --- [           main] com.zaxxer.hikari.pool.HikariPool        : HikariPool-1 - Added connection com.mysql.cj.jdbc.ConnectionImpl@171aa66
2023-06-30T13:31:02.619-03:00  INFO 94895 --- [           main] com.zaxxer.hikari.HikariDataSource       : HikariPool-1 - Start completed.
2023-06-30T13:31:02.676-03:00  INFO 94895 --- [           main] org.hibernate.orm.dialect                : HHH035001: Using dialect: org.hibernate.dialect.MySQLDialect, version: 8.0.33
2023-06-30T13:31:02.945-03:00  INFO 94895 --- [           main] o.h.b.i.BytecodeProviderInitiator        : HHH000021: Bytecode provider name : bytebuddy
2023-06-30T13:31:03.544-03:00  INFO 94895 --- [           main] o.h.e.t.j.p.i.JtaPlatformInitiator       : HHH000490: Using JtaPlatform implementation: [org.hibernate.engine.transaction.jta.platform.internal.NoJtaPlatform]
Hibernate: alter table linea_compra modify column precio_unitario  float(53)
Hibernate: alter table linea_venta modify column precio_unitario  float(53)
Hibernate: alter table producto modify column fecha_actualizacion  datetime(6)
Hibernate: alter table producto modify column precio_actual  float(53) not null
2023-06-30T13:31:03.663-03:00  INFO 94895 --- [           main] j.LocalContainerEntityManagerFactoryBean : Initialized JPA EntityManagerFactory for persistence unit 'default'
2023-06-30T13:31:04.131-03:00  WARN 94895 --- [           main] JpaBaseConfiguration$JpaWebConfiguration : spring.jpa.open-in-view is enabled by default. Therefore, database queries may be performed during view rendering. Explicitly configure spring.jpa.open-in-view to disable this warning
2023-06-30T13:31:04.234-03:00  INFO 94895 --- [           main] o.s.s.web.DefaultSecurityFilterChain     : Will secure any request with [org.springframework.security.web.session.DisableEncodeUrlFilter@18f794e, org.springframework.security.web.context.request.async.WebAsyncManagerIntegrationFilter@389a9ff6, org.springframework.security.web.context.SecurityContextHolderFilter@6b247ef6, org.springframework.security.web.header.HeaderWriterFilter@31885b4b, org.springframework.security.web.authentication.logout.LogoutFilter@106ac5f4, org.springframework.security.web.authentication.UsernamePasswordAuthenticationFilter@13b5598b, org.springframework.security.web.authentication.ui.DefaultLoginPageGeneratingFilter@4bba2704, org.springframework.security.web.authentication.ui.DefaultLogoutPageGeneratingFilter@15af06f, org.springframework.security.web.savedrequest.RequestCacheAwareFilter@f10927f, org.springframework.security.web.servletapi.SecurityContextHolderAwareRequestFilter@c7d173f, org.springframework.security.web.authentication.AnonymousAuthenticationFilter@76876421, org.springframework.security.web.access.ExceptionTranslationFilter@3b62c51e, org.springframework.security.web.access.intercept.AuthorizationFilter@4b3e4253]
2023-06-30T13:31:04.670-03:00  INFO 94895 --- [           main] c.sistema.ventas.VentasApplicationTests  : Started VentasApplicationTests in 3.901 seconds (process running for 4.676)
]]></system-out>
  </testcase>
</testsuite>